<?xml version="1.0" encoding="UTF-8"?>
<!-- Generated by org.testng.reporters.JUnitReportReporter -->
<testsuite skipped="0" hostname="LAPTOP-1ANA0DO3" name="test.NewTest" tests="1" failures="0" timestamp="2019-09-07T08:58:56 CEST" time="6.327" errors="0">
  <testcase name="loginDashboard" time="6.327" classname="test.NewTest"/>
</testsuite> <!-- test.NewTest -->
