<?xml version="1.0" encoding="UTF-8"?>
<!-- Generated by org.testng.reporters.JUnitReportReporter -->
<testsuite skipped="0" hostname="LAPTOP-1ANA0DO3" name="testngpackage.NewTest" tests="1" failures="0" timestamp="2019-09-04T15:00:26 CEST" time="0.011" errors="0">
  <testcase name="verifyHomepageTitle" time="0.011" classname="testngpackage.NewTest"/>
</testsuite> <!-- testngpackage.NewTest -->
